  debug.cpp
  image_png.cpp
  keyboard.cpp
  mouse.cpp
  NFont.cpp
  sound.cpp
  sprites.cpp
  stb_vorbis.cpp
  video.cpp
  ChessBoard.cpp
C:\Users\roger\Desktop\Documents\UNI\1r\MP\ESCACS FINAL DEFINITIU\Escacs-master\0. C++ Code\Logic Game\Chess\ChessBoard.cpp(158,22): warning C4018: '<': signed/unsigned mismatch
  ChessPosition.cpp
  CurrentGame.cpp
C:\Users\roger\Desktop\Documents\UNI\1r\MP\ESCACS FINAL DEFINITIU\Escacs-master\0. C++ Code\Logic Game\Chess\CurrentGame.cpp(52,23): warning C4018: '<': signed/unsigned mismatch
C:\Users\roger\Desktop\Documents\UNI\1r\MP\ESCACS FINAL DEFINITIU\Escacs-master\0. C++ Code\Logic Game\Chess\CurrentGame.cpp(53,143): warning C4244: 'argument': conversion from 'int' to 'float', possible loss of data
C:\Users\roger\Desktop\Documents\UNI\1r\MP\ESCACS FINAL DEFINITIU\Escacs-master\0. C++ Code\Logic Game\Chess\CurrentGame.cpp(53,80): warning C4244: 'argument': conversion from 'int' to 'float', possible loss of data
C:\Users\roger\Desktop\Documents\UNI\1r\MP\ESCACS FINAL DEFINITIU\Escacs-master\0. C++ Code\Logic Game\Chess\CurrentGame.cpp(71,26): warning C4018: '<': signed/unsigned mismatch
C:\Users\roger\Desktop\Documents\UNI\1r\MP\ESCACS FINAL DEFINITIU\Escacs-master\0. C++ Code\Logic Game\Chess\CurrentGame.cpp(120,101): warning C4305: 'argument': truncation from 'double' to 'float'
C:\Users\roger\Desktop\Documents\UNI\1r\MP\ESCACS FINAL DEFINITIU\Escacs-master\0. C++ Code\Logic Game\Chess\CurrentGame.cpp(120,58): warning C4244: 'argument': conversion from 'int' to 'float', possible loss of data
C:\Users\roger\Desktop\Documents\UNI\1r\MP\ESCACS FINAL DEFINITIU\Escacs-master\0. C++ Code\Logic Game\Chess\CurrentGame.cpp(208,76): warning C4305: 'argument': truncation from 'double' to 'float'
C:\Users\roger\Desktop\Documents\UNI\1r\MP\ESCACS FINAL DEFINITIU\Escacs-master\0. C++ Code\Logic Game\Chess\CurrentGame.cpp(208,63): warning C4244: 'argument': conversion from 'int' to 'float', possible loss of data
C:\Users\roger\Desktop\Documents\UNI\1r\MP\ESCACS FINAL DEFINITIU\Escacs-master\0. C++ Code\Logic Game\Chess\CurrentGame.cpp(208,58): warning C4244: 'argument': conversion from 'int' to 'float', possible loss of data
C:\Users\roger\Desktop\Documents\UNI\1r\MP\ESCACS FINAL DEFINITIU\Escacs-master\0. C++ Code\Logic Game\Chess\CurrentGame.cpp(218,76): warning C4305: 'argument': truncation from 'double' to 'float'
C:\Users\roger\Desktop\Documents\UNI\1r\MP\ESCACS FINAL DEFINITIU\Escacs-master\0. C++ Code\Logic Game\Chess\CurrentGame.cpp(218,63): warning C4244: 'argument': conversion from 'int' to 'float', possible loss of data
C:\Users\roger\Desktop\Documents\UNI\1r\MP\ESCACS FINAL DEFINITIU\Escacs-master\0. C++ Code\Logic Game\Chess\CurrentGame.cpp(218,58): warning C4244: 'argument': conversion from 'int' to 'float', possible loss of data
  Piece.cpp
C:\Users\roger\Desktop\Documents\UNI\1r\MP\ESCACS FINAL DEFINITIU\Escacs-master\0. C++ Code\Logic Game\Chess\Piece.cpp(18,76): warning C4244: 'argument': conversion from 'int' to 'float', possible loss of data
C:\Users\roger\Desktop\Documents\UNI\1r\MP\ESCACS FINAL DEFINITIU\Escacs-master\0. C++ Code\Logic Game\Chess\Piece.cpp(18,70): warning C4244: 'argument': conversion from 'int' to 'float', possible loss of data
C:\Users\roger\Desktop\Documents\UNI\1r\MP\ESCACS FINAL DEFINITIU\Escacs-master\0. C++ Code\Logic Game\Chess\Piece.cpp(21,77): warning C4244: 'argument': conversion from 'int' to 'float', possible loss of data
C:\Users\roger\Desktop\Documents\UNI\1r\MP\ESCACS FINAL DEFINITIU\Escacs-master\0. C++ Code\Logic Game\Chess\Piece.cpp(21,71): warning C4244: 'argument': conversion from 'int' to 'float', possible loss of data
C:\Users\roger\Desktop\Documents\UNI\1r\MP\ESCACS FINAL DEFINITIU\Escacs-master\0. C++ Code\Logic Game\Chess\Piece.cpp(24,78): warning C4244: 'argument': conversion from 'int' to 'float', possible loss of data
C:\Users\roger\Desktop\Documents\UNI\1r\MP\ESCACS FINAL DEFINITIU\Escacs-master\0. C++ Code\Logic Game\Chess\Piece.cpp(24,72): warning C4244: 'argument': conversion from 'int' to 'float', possible loss of data
C:\Users\roger\Desktop\Documents\UNI\1r\MP\ESCACS FINAL DEFINITIU\Escacs-master\0. C++ Code\Logic Game\Chess\Piece.cpp(27,78): warning C4244: 'argument': conversion from 'int' to 'float', possible loss of data
C:\Users\roger\Desktop\Documents\UNI\1r\MP\ESCACS FINAL DEFINITIU\Escacs-master\0. C++ Code\Logic Game\Chess\Piece.cpp(27,72): warning C4244: 'argument': conversion from 'int' to 'float', possible loss of data
C:\Users\roger\Desktop\Documents\UNI\1r\MP\ESCACS FINAL DEFINITIU\Escacs-master\0. C++ Code\Logic Game\Chess\Piece.cpp(30,76): warning C4244: 'argument': conversion from 'int' to 'float', possible loss of data
C:\Users\roger\Desktop\Documents\UNI\1r\MP\ESCACS FINAL DEFINITIU\Escacs-master\0. C++ Code\Logic Game\Chess\Piece.cpp(30,70): warning C4244: 'argument': conversion from 'int' to 'float', possible loss of data
C:\Users\roger\Desktop\Documents\UNI\1r\MP\ESCACS FINAL DEFINITIU\Escacs-master\0. C++ Code\Logic Game\Chess\Piece.cpp(33,76): warning C4244: 'argument': conversion from 'int' to 'float', possible loss of data
C:\Users\roger\Desktop\Documents\UNI\1r\MP\ESCACS FINAL DEFINITIU\Escacs-master\0. C++ Code\Logic Game\Chess\Piece.cpp(33,70): warning C4244: 'argument': conversion from 'int' to 'float', possible loss of data
C:\Users\roger\Desktop\Documents\UNI\1r\MP\ESCACS FINAL DEFINITIU\Escacs-master\0. C++ Code\Logic Game\Chess\Piece.cpp(42,76): warning C4244: 'argument': conversion from 'int' to 'float', possible loss of data
C:\Users\roger\Desktop\Documents\UNI\1r\MP\ESCACS FINAL DEFINITIU\Escacs-master\0. C++ Code\Logic Game\Chess\Piece.cpp(42,70): warning C4244: 'argument': conversion from 'int' to 'float', possible loss of data
C:\Users\roger\Desktop\Documents\UNI\1r\MP\ESCACS FINAL DEFINITIU\Escacs-master\0. C++ Code\Logic Game\Chess\Piece.cpp(45,77): warning C4244: 'argument': conversion from 'int' to 'float', possible loss of data
C:\Users\roger\Desktop\Documents\UNI\1r\MP\ESCACS FINAL DEFINITIU\Escacs-master\0. C++ Code\Logic Game\Chess\Piece.cpp(45,71): warning C4244: 'argument': conversion from 'int' to 'float', possible loss of data
C:\Users\roger\Desktop\Documents\UNI\1r\MP\ESCACS FINAL DEFINITIU\Escacs-master\0. C++ Code\Logic Game\Chess\Piece.cpp(48,78): warning C4244: 'argument': conversion from 'int' to 'float', possible loss of data
C:\Users\roger\Desktop\Documents\UNI\1r\MP\ESCACS FINAL DEFINITIU\Escacs-master\0. C++ Code\Logic Game\Chess\Piece.cpp(48,72): warning C4244: 'argument': conversion from 'int' to 'float', possible loss of data
C:\Users\roger\Desktop\Documents\UNI\1r\MP\ESCACS FINAL DEFINITIU\Escacs-master\0. C++ Code\Logic Game\Chess\Piece.cpp(51,78): warning C4244: 'argument': conversion from 'int' to 'float', possible loss of data
C:\Users\roger\Desktop\Documents\UNI\1r\MP\ESCACS FINAL DEFINITIU\Escacs-master\0. C++ Code\Logic Game\Chess\Piece.cpp(51,72): warning C4244: 'argument': conversion from 'int' to 'float', possible loss of data
C:\Users\roger\Desktop\Documents\UNI\1r\MP\ESCACS FINAL DEFINITIU\Escacs-master\0. C++ Code\Logic Game\Chess\Piece.cpp(54,76): warning C4244: 'argument': conversion from 'int' to 'float', possible loss of data
C:\Users\roger\Desktop\Documents\UNI\1r\MP\ESCACS FINAL DEFINITIU\Escacs-master\0. C++ Code\Logic Game\Chess\Piece.cpp(54,70): warning C4244: 'argument': conversion from 'int' to 'float', possible loss of data
C:\Users\roger\Desktop\Documents\UNI\1r\MP\ESCACS FINAL DEFINITIU\Escacs-master\0. C++ Code\Logic Game\Chess\Piece.cpp(57,76): warning C4244: 'argument': conversion from 'int' to 'float', possible loss of data
C:\Users\roger\Desktop\Documents\UNI\1r\MP\ESCACS FINAL DEFINITIU\Escacs-master\0. C++ Code\Logic Game\Chess\Piece.cpp(57,70): warning C4244: 'argument': conversion from 'int' to 'float', possible loss of data
  ValidMoves.cpp
  GraphicManager.cpp
C:\Users\roger\Desktop\Documents\UNI\1r\MP\ESCACS FINAL DEFINITIU\Escacs-master\0. C++ Code\Logic Game\GraphicManager.cpp(20,37): warning C4244: 'argument': conversion from 'float' to 'int', possible loss of data
C:\Users\roger\Desktop\Documents\UNI\1r\MP\ESCACS FINAL DEFINITIU\Escacs-master\0. C++ Code\Logic Game\GraphicManager.cpp(20,31): warning C4244: 'argument': conversion from 'float' to 'int', possible loss of data
  main.cpp
  Generating Code...
  SDL_FontCache.c
  MP_Practica.vcxproj -> C:\Users\roger\Desktop\Documents\UNI\1r\MP\ESCACS FINAL DEFINITIU\Escacs-master\2. Platforms\0. Windows Desktop\Program\MP_Practica.exe
